<?xml version="1.0" encoding="UTF-8"?>
<testsuite xmlns:xsi="http://www.w3.org/2001/XMLSchema-instance" xsi:noNamespaceSchemaLocation="https://maven.apache.org/surefire/maven-surefire-plugin/xsd/surefire-test-report.xsd" name="com.iotmars.util.RsaUtilsTest" time="0.188" tests="3" errors="0" skipped="0" failures="0">
  <properties>
[...]
</properties>
  <testcase name="generateKey" classname="com.iotmars.util.RsaUtilsTest" time="0.175"/>
  <testcase name="getPublicKey" classname="com.iotmars.util.RsaUtilsTest" time="0.008"/>
  <testcase name="getPrivateKey" classname="com.iotmars.util.RsaUtilsTest" time="0"/>
</testsuite>